<?xml version="1.0" encoding="UTF-8"?>
<!-- Generated by org.testng.reporters.JUnitReportReporter -->
<testsuite hostname="DESKTOP-JF0QPK0" failures="0" tests="2" name="Test.test1" time="0.001" errors="0" timestamp="2023-06-21T12:05:24 IST" skipped="1">
  <testcase classname="Test.test1" name="day1" time="0.001"/>
  <testcase classname="Test.test1" name="day2">
    <skipped/>
  </testcase> <!-- day2 -->
</testsuite> <!-- Test.test1 -->
