<?xml version="1.0" encoding="UTF-8"?>
<!-- Generated by org.testng.reporters.JUnitReportReporter -->
<testsuite hostname="DESKTOP-JF0QPK0" failures="0" tests="2" name="Annotation.test1" time="0.004" errors="0" timestamp="2023-06-21T10:44:20 IST" skipped="0">
  <testcase classname="Annotation.test1" name="day2" time="0.001"/>
  <testcase classname="Annotation.test1" name="day1" time="0.003"/>
</testsuite> <!-- Annotation.test1 -->
