<?xml version="1.0" encoding="UTF-8"?>
<!-- Generated by org.testng.reporters.JUnitReportReporter -->
<testsuite hostname="DESKTOP-JF0QPK0" failures="0" tests="3" name="Test.test2" time="0.016" errors="0" timestamp="2023-06-21T16:18:26 IST" skipped="0">
  <testcase classname="Test.test2" name="practice" time="0.013"/>
  <testcase classname="Test.test2" name="sample" time="0.001"/>
  <testcase classname="Test.test2" name="Handson" time="0.002"/>
</testsuite> <!-- Test.test2 -->
