<?xml version="1.0" encoding="UTF-8"?>
<!-- Generated by org.testng.reporters.JUnitReportReporter -->
<testsuite hostname="DESKTOP-JF0QPK0" failures="0" tests="10" name="Test.Make_my_tripTest" time="48.991" errors="0" timestamp="2023-06-28T16:54:34 IST" skipped="0">
  <testcase classname="Test.Make_my_tripTest" name="initialize_the_driver" time="5.829"/>
  <testcase classname="Test.Make_my_tripTest" name="from_city" time="1.004"/>
  <testcase classname="Test.Make_my_tripTest" name="to_city" time="0.473"/>
  <testcase classname="Test.Make_my_tripTest" name="calender_date" time="0.166"/>
  <testcase classname="Test.Make_my_tripTest" name="traveller_class" time="3.539"/>
  <testcase classname="Test.Make_my_tripTest" name="radio_button" time="0.224"/>
  <testcase classname="Test.Make_my_tripTest" name="serach_button" time="0.126"/>
  <testcase classname="Test.Make_my_tripTest" name="gotit_button" time="33.673"/>
  <testcase classname="Test.Make_my_tripTest" name="slider_test" time="3.664"/>
  <testcase classname="Test.Make_my_tripTest" name="popular_filter_radio_button" time="0.293"/>
</testsuite> <!-- Test.Make_my_tripTest -->
