<?xml version="1.0" encoding="UTF-8"?>
<!-- Generated by org.testng.reporters.JUnitReportReporter -->
<testsuite hostname="DESKTOP-JF0QPK0" failures="0" tests="9" name="Test.data_Provider" time="0.008" errors="0" timestamp="2023-06-23T09:49:13 IST" skipped="0">
  <testcase classname="Test.data_Provider" name="Websignup" time="0.001"/>
  <system-out/>
  <testcase classname="Test.data_Provider" name="Mobileapp" time="0.000"/>
  <system-out/>
  <testcase classname="Test.data_Provider" name="Weblogin" time="0.002"/>
  <system-out/>
  <testcase classname="Test.data_Provider" name="Mobileandroid" time="0.001"/>
  <system-out/>
  <testcase classname="Test.data_Provider" name="Mobileapp" time="0.001"/>
  <system-out/>
  <testcase classname="Test.data_Provider" name="Mobileapp" time="0.001"/>
  <system-out/>
  <testcase classname="Test.data_Provider" name="Websignup" time="0.000"/>
  <system-out/>
  <testcase classname="Test.data_Provider" name="Websignup" time="0.001"/>
  <system-out/>
  <testcase classname="Test.data_Provider" name="Mobileios" time="0.001"/>
  <system-out/>
</testsuite> <!-- Test.data_Provider -->
