<?xml version="1.0" encoding="UTF-8"?>
<!-- Generated by org.testng.reporters.JUnitReportReporter -->
<testsuite hostname="DESKTOP-JF0QPK0" failures="0" tests="4" name="Test.test1" time="0.009" errors="0" timestamp="2023-06-23T09:49:13 IST" skipped="2">
  <testcase classname="Test.test1" name="day1" time="0.008"/>
  <system-out/>
  <testcase classname="Test.test1" name="day1" time="0.001"/>
  <system-out/>
  <testcase classname="Test.test1" name="day2">
    <skipped/>
  </testcase> <!-- day2 -->
  <system-out/>
  <testcase classname="Test.test1" name="day2">
    <skipped/>
  </testcase> <!-- day2 -->
  <system-out/>
</testsuite> <!-- Test.test1 -->
