<?xml version="1.0" encoding="UTF-8"?>
<!-- Generated by org.testng.reporters.JUnitReportReporter -->
<testsuite hostname="DESKTOP-JF0QPK0" failures="0" tests="7" name="Test.test4" time="0.003" errors="0" timestamp="2023-06-23T09:49:13 IST" skipped="0">
  <testcase classname="Test.test4" name="Websignup" time="0.001"/>
  <system-out/>
  <testcase classname="Test.test4" name="Mobileapp" time="0.001"/>
  <system-out/>
  <testcase classname="Test.test4" name="Weblogin" time="0.000"/>
  <system-out/>
  <testcase classname="Test.test4" name="Mobileios" time="0.000"/>
  <system-out/>
  <testcase classname="Test.test4" name="Weblogin" time="0.000"/>
  <system-out/>
  <testcase classname="Test.test4" name="Mobileandroid" time="0.001"/>
  <system-out/>
  <testcase classname="Test.test4" name="Websignup" time="0.000"/>
  <system-out/>
</testsuite> <!-- Test.test4 -->
