<?xml version="1.0" encoding="UTF-8"?>
<!-- Generated by org.testng.reporters.JUnitReportReporter -->
<testsuite hostname="DESKTOP-JF0QPK0" failures="0" tests="6" name="Test.test2" time="0.019" errors="0" timestamp="2023-06-23T09:49:13 IST" skipped="0">
  <testcase classname="Test.test2" name="sample" time="0.001"/>
  <system-out/>
  <testcase classname="Test.test2" name="practice" time="0.015"/>
  <system-out/>
  <testcase classname="Test.test2" name="practice" time="0.001"/>
  <system-out/>
  <testcase classname="Test.test2" name="sample" time="0.000"/>
  <system-out/>
  <testcase classname="Test.test2" name="Handson" time="0.001"/>
  <system-out/>
  <testcase classname="Test.test2" name="Handson" time="0.001"/>
  <system-out/>
</testsuite> <!-- Test.test2 -->
