<?xml version="1.0" encoding="UTF-8"?>
<!-- Generated by org.testng.reporters.JUnitReportReporter -->
<testsuite hostname="DESKTOP-JF0QPK0" failures="0" tests="5" name="Test.test4" time="0.033" errors="0" timestamp="2023-07-08T17:14:33 IST" skipped="0">
  <testcase classname="Test.test4" name="Mobileandroid" time="0.016"/>
  <testcase classname="Test.test4" name="Weblogin" time="0.002"/>
  <testcase classname="Test.test4" name="Mobileios" time="0.002"/>
  <testcase classname="Test.test4" name="Websignup" time="0.010"/>
  <testcase classname="Test.test4" name="Mobileapp" time="0.003"/>
</testsuite> <!-- Test.test4 -->
