<?xml version="1.0" encoding="UTF-8"?>
<!-- Generated by org.testng.reporters.JUnitReportReporter -->
<testsuite hostname="DESKTOP-JF0QPK0" failures="0" tests="1" name="Extentreport.extentReportDemo" time="6.275" errors="0" timestamp="2023-07-10T10:03:43 IST" skipped="0">
  <testcase classname="Extentreport.extentReportDemo" name="demo" time="6.275"/>
</testsuite> <!-- Extentreport.extentReportDemo -->
