<?xml version="1.0" encoding="UTF-8"?>
<!-- Generated by org.testng.reporters.JUnitReportReporter -->
<testsuite hostname="DESKTOP-JF0QPK0" failures="0" tests="4" name="Annotation.test3" time="0.004" errors="0" timestamp="2023-06-21T10:44:20 IST" skipped="0">
  <testcase classname="Annotation.test3" name="signup" time="0.001"/>
  <testcase classname="Annotation.test3" name="login" time="0.001"/>
  <testcase classname="Annotation.test3" name="signup" time="0.001"/>
  <testcase classname="Annotation.test3" name="login" time="0.001"/>
</testsuite> <!-- Annotation.test3 -->
