<?xml version="1.0" encoding="UTF-8"?>
<!-- Generated by org.testng.reporters.JUnitReportReporter -->
<testsuite hostname="DESKTOP-JF0QPK0" failures="0" tests="2" name="Test.test3" time="0.017" errors="0" timestamp="2023-07-08T17:14:33 IST" skipped="0">
  <testcase classname="Test.test3" name="login" time="0.015"/>
  <testcase classname="Test.test3" name="signup" time="0.002"/>
</testsuite> <!-- Test.test3 -->
