<?xml version="1.0" encoding="UTF-8"?>
<!-- Generated by org.testng.reporters.JUnitReportReporter -->
<testsuite hostname="DESKTOP-JF0QPK0" failures="0" tests="9" name="Test.data_Provider" time="0.017" errors="0" timestamp="2023-07-08T22:11:02 IST" skipped="0">
  <testcase classname="Test.data_Provider" name="Mobileios" time="0.002"/>
  <testcase classname="Test.data_Provider" name="Mobileapp" time="0.001"/>
  <testcase classname="Test.data_Provider" name="Mobileandroid" time="0.007"/>
  <testcase classname="Test.data_Provider" name="Mobileapp" time="0.001"/>
  <testcase classname="Test.data_Provider" name="Websignup" time="0.001"/>
  <testcase classname="Test.data_Provider" name="Mobileapp" time="0.001"/>
  <testcase classname="Test.data_Provider" name="Websignup" time="0.001"/>
  <testcase classname="Test.data_Provider" name="Weblogin" time="0.002"/>
  <testcase classname="Test.data_Provider" name="Websignup" time="0.001"/>
</testsuite> <!-- Test.data_Provider -->
