<?xml version="1.0" encoding="UTF-8"?>
<!-- Generated by org.testng.reporters.JUnitReportReporter -->
<testsuite hostname="DESKTOP-JF0QPK0" failures="0" tests="4" name="Annotation.all_annotation" time="0.016" errors="0" timestamp="2023-06-21T10:44:20 IST" skipped="0">
  <testcase classname="Annotation.all_annotation" name="Androidapp" time="0.007"/>
  <testcase classname="Annotation.all_annotation" name="MobileApp" time="0.002"/>
  <testcase classname="Annotation.all_annotation" name="MobileWeb" time="0.004"/>
  <testcase classname="Annotation.all_annotation" name="IosApp" time="0.003"/>
</testsuite> <!-- Annotation.all_annotation -->
